<?xml version="1.0" encoding="UTF-8"?>
<testng-results ignored="0" total="1" passed="1" failed="0" skipped="0">
  <reporter-output>
  </reporter-output>
  <suite started-at="2021-09-29T21:22:54 EDT" name="Default suite" finished-at="2021-09-29T21:23:34 EDT" duration-ms="40216">
    <groups>
    </groups>
    <test started-at="2021-09-29T21:22:54 EDT" name="Default test" finished-at="2021-09-29T21:23:34 EDT" duration-ms="40216">
      <class name="com.Practice.SeliniumTest.testcase">
        <test-method is-config="true" signature="setUp()[pri:0, instance:com.Practice.SeliniumTest.testcase@793be5ca]" started-at="2021-09-29T21:22:54 EDT" name="setUp" finished-at="2021-09-29T21:23:08 EDT" duration-ms="14377" status="PASS">
          <reporter-output>
          </reporter-output>
        </test-method> <!-- setUp -->
        <test-method signature="bookTicket()[pri:0, instance:com.Practice.SeliniumTest.testcase@793be5ca]" started-at="2021-09-29T21:23:08 EDT" name="bookTicket" finished-at="2021-09-29T21:23:34 EDT" duration-ms="25574" status="PASS">
          <reporter-output>
          </reporter-output>
        </test-method> <!-- bookTicket -->
        <test-method is-config="true" signature="close()[pri:0, instance:com.Practice.SeliniumTest.testcase@793be5ca]" started-at="2021-09-29T21:23:34 EDT" name="close" finished-at="2021-09-29T21:23:34 EDT" duration-ms="224" status="PASS">
          <reporter-output>
          </reporter-output>
        </test-method> <!-- close -->
      </class> <!-- com.Practice.SeliniumTest.testcase -->
    </test> <!-- Default test -->
  </suite> <!-- Default suite -->
</testng-results>
